# JRE version: OpenJDK Runtime Environment (8.0_345-b01) (build 1.8.0_345-b01)
# Java VM: OpenJDK 64-Bit Server VM (25.345-b01 mixed mode windows-amd64 compressed oops)
Heap:
 PSYoungGen      total 141824K, used 50888K [0x000000076b200000, 0x0000000776e80000, 0x00000007c0000000)
  eden space 128000K, 29% used [0x000000076b200000,0x000000076d67fba8,0x0000000772f00000)
  from space 13824K, 97% used [0x0000000772f00000,0x0000000773c32750,0x0000000773c80000)
  to   space 15360K, 0% used [0x0000000775f80000,0x0000000775f80000,0x0000000776e80000)
 ParOldGen       total 183808K, used 17673K [0x00000006c1600000, 0x00000006cc980000, 0x000000076b200000)
  object space 183808K, 9% used [0x00000006c1600000,0x00000006c2742470,0x00000006cc980000)
 Metaspace       used 49354K, capacity 53322K, committed 53464K, reserved 1095680K
  class space    used 6971K, capacity 7664K, committed 7680K, reserved 1048576K
GC Heap History (10 events):
Event: 8.660 GC heap before
{Heap before GC invocations=5 (full 1):
 PSYoungGen      total 76288K, used 71790K [0x000000076b200000, 0x0000000772400000, 0x00000007c0000000)
  eden space 65536K, 100% used [0x000000076b200000,0x000000076f200000,0x000000076f200000)
  from space 10752K, 58% used [0x000000076f200000,0x000000076f81b808,0x000000076fc80000)
  to   space 10752K, 0% used [0x0000000771980000,0x0000000771980000,0x0000000772400000)
 ParOldGen       total 112640K, used 11246K [0x00000006c1600000, 0x00000006c8400000, 0x000000076b200000)
  object space 112640K, 9% used [0x00000006c1600000,0x00000006c20fbb68,0x00000006c8400000)
 Metaspace       used 27610K, capacity 29874K, committed 30080K, reserved 1075200K
  class space    used 3757K, capacity 4177K, committed 4224K, reserved 1048576K
Event: 8.667 GC heap after
Heap after GC invocations=5 (full 1):
 PSYoungGen      total 105984K, used 8924K [0x000000076b200000, 0x0000000772480000, 0x00000007c0000000)
  eden space 95232K, 0% used [0x000000076b200000,0x000000076b200000,0x0000000770f00000)
  from space 10752K, 83% used [0x0000000771980000,0x00000007722370c8,0x0000000772400000)
  to   space 10752K, 0% used [0x0000000770f00000,0x0000000770f00000,0x0000000771980000)
 ParOldGen       total 112640K, used 11254K [0x00000006c1600000, 0x00000006c8400000, 0x000000076b200000)
  object space 112640K, 9% used [0x00000006c1600000,0x00000006c20fdb68,0x00000006c8400000)
 Metaspace       used 27610K, capacity 29874K, committed 30080K, reserved 1075200K
  class space    used 3757K, capacity 4177K, committed 4224K, reserved 1048576K
}
Event: 15.504 GC heap before
{Heap before GC invocations=6 (full 1):
 PSYoungGen      total 105984K, used 75591K [0x000000076b200000, 0x0000000772480000, 0x00000007c0000000)
  eden space 95232K, 70% used [0x000000076b200000,0x000000076f31ae90,0x0000000770f00000)
  from space 10752K, 83% used [0x0000000771980000,0x00000007722370c8,0x0000000772400000)
  to   space 10752K, 0% used [0x0000000770f00000,0x0000000770f00000,0x0000000771980000)
 ParOldGen       total 112640K, used 11254K [0x00000006c1600000, 0x00000006c8400000, 0x000000076b200000)
  object space 112640K, 9% used [0x00000006c1600000,0x00000006c20fdb68,0x00000006c8400000)
 Metaspace       used 32768K, capacity 35300K, committed 35416K, reserved 1079296K
  class space    used 4404K, capacity 4897K, committed 4992K, reserved 1048576K
Event: 15.515 GC heap after
Heap after GC invocations=6 (full 1):
 PSYoungGen      total 105984K, used 10737K [0x000000076b200000, 0x0000000775000000, 0x00000007c0000000)
  eden space 95232K, 0% used [0x000000076b200000,0x000000076b200000,0x0000000770f00000)
  from space 10752K, 99% used [0x0000000770f00000,0x000000077197c538,0x0000000771980000)
  to   space 13824K, 0% used [0x0000000774280000,0x0000000774280000,0x0000000775000000)
 ParOldGen       total 112640K, used 12600K [0x00000006c1600000, 0x00000006c8400000, 0x000000076b200000)
  object space 112640K, 11% used [0x00000006c1600000,0x00000006c224e148,0x00000006c8400000)
 Metaspace       used 32768K, capacity 35300K, committed 35416K, reserved 1079296K
  class space    used 4404K, capacity 4897K, committed 4992K, reserved 1048576K
}
Event: 15.515 GC heap before
{Heap before GC invocations=7 (full 2):
 PSYoungGen      total 105984K, used 10737K [0x000000076b200000, 0x0000000775000000, 0x00000007c0000000)
  eden space 95232K, 0% used [0x000000076b200000,0x000000076b200000,0x0000000770f00000)
  from space 10752K, 99% used [0x0000000770f00000,0x000000077197c538,0x0000000771980000)
  to   space 13824K, 0% used [0x0000000774280000,0x0000000774280000,0x0000000775000000)
 ParOldGen       total 112640K, used 12600K [0x00000006c1600000, 0x00000006c8400000, 0x000000076b200000)
  object space 112640K, 11% used [0x00000006c1600000,0x00000006c224e148,0x00000006c8400000)
 Metaspace       used 32768K, capacity 35300K, committed 35416K, reserved 1079296K
  class space    used 4404K, capacity 4897K, committed 4992K, reserved 1048576K
Event: 15.617 GC heap after
Heap after GC invocations=7 (full 2):
 PSYoungGen      total 105984K, used 0K [0x000000076b200000, 0x0000000775000000, 0x00000007c0000000)
  eden space 95232K, 0% used [0x000000076b200000,0x000000076b200000,0x0000000770f00000)
  from space 10752K, 0% used [0x0000000770f00000,0x0000000770f00000,0x0000000771980000)
  to   space 13824K, 0% used [0x0000000774280000,0x0000000774280000,0x0000000775000000)
 ParOldGen       total 183808K, used 17657K [0x00000006c1600000, 0x00000006cc980000, 0x000000076b200000)
  object space 183808K, 9% used [0x00000006c1600000,0x00000006c273e470,0x00000006cc980000)
 Metaspace       used 32768K, capacity 35300K, committed 35416K, reserved 1079296K
  class space    used 4404K, capacity 4897K, committed 4992K, reserved 1048576K
}
Event: 23.290 GC heap before
{Heap before GC invocations=8 (full 2):
 PSYoungGen      total 105984K, used 95232K [0x000000076b200000, 0x0000000775000000, 0x00000007c0000000)
  eden space 95232K, 100% used [0x000000076b200000,0x0000000770f00000,0x0000000770f00000)
  from space 10752K, 0% used [0x0000000770f00000,0x0000000770f00000,0x0000000771980000)
  to   space 13824K, 0% used [0x0000000774280000,0x0000000774280000,0x0000000775000000)
 ParOldGen       total 183808K, used 17657K [0x00000006c1600000, 0x00000006cc980000, 0x000000076b200000)
  object space 183808K, 9% used [0x00000006c1600000,0x00000006c273e470,0x00000006cc980000)
 Metaspace       used 40375K, capacity 43162K, committed 43480K, reserved 1087488K
  class space    used 5551K, capacity 6071K, committed 6144K, reserved 1048576K
Event: 23.299 GC heap after
Heap after GC invocations=8 (full 2):
 PSYoungGen      total 132608K, used 7577K [0x000000076b200000, 0x0000000774a00000, 0x00000007c0000000)
  eden space 124928K, 0% used [0x000000076b200000,0x000000076b200000,0x0000000772c00000)
  from space 7680K, 98% used [0x0000000774280000,0x00000007749e67e0,0x0000000774a00000)
  to   space 13824K, 0% used [0x0000000772f00000,0x0000000772f00000,0x0000000773c80000)
 ParOldGen       total 183808K, used 17665K [0x00000006c1600000, 0x00000006cc980000, 0x000000076b200000)
  object space 183808K, 9% used [0x00000006c1600000,0x00000006c2740470,0x00000006cc980000)
 Metaspace       used 40375K, capacity 43162K, committed 43480K, reserved 1087488K
  class space    used 5551K, capacity 6071K, committed 6144K, reserved 1048576K
}
Event: 26.969 GC heap before
{Heap before GC invocations=9 (full 2):
 PSYoungGen      total 132608K, used 132505K [0x000000076b200000, 0x0000000774a00000, 0x00000007c0000000)
  eden space 124928K, 100% used [0x000000076b200000,0x0000000772c00000,0x0000000772c00000)
  from space 7680K, 98% used [0x0000000774280000,0x00000007749e67e0,0x0000000774a00000)
  to   space 13824K, 0% used [0x0000000772f00000,0x0000000772f00000,0x0000000773c80000)
 ParOldGen       total 183808K, used 17665K [0x00000006c1600000, 0x00000006cc980000, 0x000000076b200000)
  object space 183808K, 9% used [0x00000006c1600000,0x00000006c2740470,0x00000006cc980000)
 Metaspace       used 49150K, capacity 53090K, committed 53208K, reserved 1095680K
  class space    used 6928K, capacity 7603K, committed 7680K, reserved 1048576K
Event: 26.983 GC heap after
Heap after GC invocations=9 (full 2):
 PSYoungGen      total 141824K, used 13513K [0x000000076b200000, 0x0000000776e80000, 0x00000007c0000000)
  eden space 128000K, 0% used [0x000000076b200000,0x000000076b200000,0x0000000772f00000)
  from space 13824K, 97% used [0x0000000772f00000,0x0000000773c32750,0x0000000773c80000)
  to   space 15360K, 0% used [0x0000000775f80000,0x0000000775f80000,0x0000000776e80000)
 ParOldGen       total 183808K, used 17673K [0x00000006c1600000, 0x00000006cc980000, 0x000000076b200000)
  object space 183808K, 9% used [0x00000006c1600000,0x00000006c2742470,0x00000006cc980000)
 Metaspace       used 49150K, capacity 53090K, committed 53208K, reserved 1095680K
  class space    used 6928K, capacity 7603K, committed 7680K, reserved 1048576K
}

